2022-17-10 10:52:59[WARN][HikariPool-1 housekeeper][c.z.h.p.HikariPool:788] HikariPool-1 - Thread starvation or clock leap detected (housekeeper delta=11h3m35s783ms494µs600ns).
2022-17-10 10:54:17[WARN][http-nio-8080-exec-3][o.s.w.s.m.m.a.ExceptionHandlerExceptionResolver:208] Resolved [com.bridgelabz.bookstoreapp.exceptions.CustomException: No order placed with order id 3!]
2022-17-10 10:59:26[INFO][SpringApplicationShutdownHook][o.s.o.j.LocalContainerEntityManagerFactoryBean:651] Closing JPA EntityManagerFactory for persistence unit 'default'
2022-17-10 10:59:26[INFO][SpringApplicationShutdownHook][c.z.h.HikariDataSource:350] HikariPool-1 - Shutdown initiated...
2022-17-10 10:59:26[INFO][SpringApplicationShutdownHook][c.z.h.HikariDataSource:352] HikariPool-1 - Shutdown completed.
2022-17-10 10:59:35[INFO][restartedMain][c.b.b.BookStoreAppApplication:55] Starting BookStoreAppApplication using Java 18.0.1.1 on LAPTOP-RR74P28L with PID 17312 (C:\Users\Admin\Documents\BridgelabzCFP\BookStoreApp\target\classes started by root in C:\Users\Admin\Documents\BridgelabzCFP\BookStoreApp)
2022-17-10 10:59:35[INFO][restartedMain][c.b.b.BookStoreAppApplication:640] The following 1 profile is active: "dev"
2022-17-10 10:59:35[INFO][restartedMain][o.s.b.d.e.DevToolsPropertyDefaultsPostProcessor:255] Devtools property defaults active! Set 'spring.devtools.add-properties' to 'false' to disable
2022-17-10 10:59:35[INFO][restartedMain][o.s.b.d.e.DevToolsPropertyDefaultsPostProcessor:255] For additional web related logging consider setting the 'logging.level.web' property to 'DEBUG'
2022-17-10 10:59:36[INFO][restartedMain][o.s.d.r.c.RepositoryConfigurationDelegate:132] Bootstrapping Spring Data JPA repositories in DEFAULT mode.
2022-17-10 10:59:36[INFO][restartedMain][o.s.d.r.c.RepositoryConfigurationDelegate:201] Finished Spring Data repository scanning in 79 ms. Found 5 JPA repository interfaces.
2022-17-10 10:59:37[INFO][restartedMain][o.s.b.w.e.t.TomcatWebServer:108] Tomcat initialized with port(s): 8080 (http)
2022-17-10 10:59:37[INFO][restartedMain][o.a.c.c.StandardService:173] Starting service [Tomcat]
2022-17-10 10:59:37[INFO][restartedMain][o.a.c.c.StandardEngine:173] Starting Servlet engine: [Apache Tomcat/9.0.65]
2022-17-10 10:59:37[INFO][restartedMain][o.a.c.c.C.[.[.[/]:173] Initializing Spring embedded WebApplicationContext
2022-17-10 10:59:37[INFO][restartedMain][o.s.b.w.s.c.ServletWebServerApplicationContext:292] Root WebApplicationContext: initialization completed in 2127 ms
2022-17-10 10:59:37[INFO][restartedMain][o.h.j.i.u.LogHelper:31] HHH000204: Processing PersistenceUnitInfo [name: default]
2022-17-10 10:59:37[INFO][restartedMain][o.h.Version:44] HHH000412: Hibernate ORM core version 5.6.10.Final
2022-17-10 10:59:38[INFO][restartedMain][o.h.a.c.Version:56] HCANN000001: Hibernate Commons Annotations {5.1.2.Final}
2022-17-10 10:59:38[INFO][restartedMain][c.z.h.HikariDataSource:110] HikariPool-1 - Starting...
2022-17-10 10:59:38[INFO][restartedMain][c.z.h.HikariDataSource:123] HikariPool-1 - Start completed.
2022-17-10 10:59:38[INFO][restartedMain][o.h.d.Dialect:175] HHH000400: Using dialect: org.hibernate.dialect.MySQL8Dialect
2022-17-10 10:59:39[INFO][restartedMain][o.h.e.t.j.p.i.JtaPlatformInitiator:52] HHH000490: Using JtaPlatform implementation: [org.hibernate.engine.transaction.jta.platform.internal.NoJtaPlatform]
2022-17-10 10:59:39[INFO][restartedMain][o.s.o.j.LocalContainerEntityManagerFactoryBean:437] Initialized JPA EntityManagerFactory for persistence unit 'default'
2022-17-10 10:59:40[WARN][restartedMain][o.s.b.a.o.j.JpaBaseConfiguration$JpaWebConfiguration:219] spring.jpa.open-in-view is enabled by default. Therefore, database queries may be performed during view rendering. Explicitly configure spring.jpa.open-in-view to disable this warning
2022-17-10 10:59:40[INFO][restartedMain][o.s.b.d.a.OptionalLiveReloadServer:58] LiveReload server is running on port 35729
2022-17-10 10:59:40[INFO][restartedMain][o.s.b.w.e.t.TomcatWebServer:220] Tomcat started on port(s): 8080 (http) with context path ''
2022-17-10 10:59:40[INFO][restartedMain][c.b.b.BookStoreAppApplication:61] Started BookStoreAppApplication in 5.809 seconds (JVM running for 6.357)
2022-17-10 10:59:40[INFO][restartedMain][c.b.b.BookStoreAppApplication:12] Welcome to Book Store App!
2022-17-10 11:08:54[INFO][http-nio-8080-exec-1][o.a.c.c.C.[.[.[/]:173] Initializing Spring DispatcherServlet 'dispatcherServlet'
2022-17-10 11:08:54[INFO][http-nio-8080-exec-1][o.s.w.s.DispatcherServlet:525] Initializing Servlet 'dispatcherServlet'
2022-17-10 11:08:54[INFO][http-nio-8080-exec-1][o.s.w.s.DispatcherServlet:547] Completed initialization in 1 ms
2022-17-10 11:08:54[ERROR][http-nio-8080-exec-1][o.a.c.c.C.[.[.[.[dispatcherServlet]:175] Servlet.service() for servlet [dispatcherServlet] in context with path [] threw exception [Request processing failed; nested exception is org.springframework.dao.InvalidDataAccessApiUsageException: Modifying queries can only use void or int/Integer as return type! Offending method: public abstract com.bridgelabz.bookstoreapp.model.Order com.bridgelabz.bookstoreapp.repository.OrderRepository.updateOrderStatus(int); nested exception is java.lang.IllegalArgumentException: Modifying queries can only use void or int/Integer as return type! Offending method: public abstract com.bridgelabz.bookstoreapp.model.Order com.bridgelabz.bookstoreapp.repository.OrderRepository.updateOrderStatus(int)] with root cause
java.lang.IllegalArgumentException: Modifying queries can only use void or int/Integer as return type! Offending method: public abstract com.bridgelabz.bookstoreapp.model.Order com.bridgelabz.bookstoreapp.repository.OrderRepository.updateOrderStatus(int)
	at org.springframework.util.Assert.isTrue(Assert.java:121)
	at org.springframework.data.jpa.repository.query.JpaQueryExecution$ModifyingExecution.<init>(JpaQueryExecution.java:226)
	at org.springframework.data.jpa.repository.query.AbstractJpaQuery.getExecution(AbstractJpaQuery.java:176)
	at org.springframework.data.jpa.repository.query.AbstractJpaQuery.execute(AbstractJpaQuery.java:144)
	at org.springframework.data.repository.core.support.RepositoryMethodInvoker.doInvoke(RepositoryMethodInvoker.java:137)
	at org.springframework.data.repository.core.support.RepositoryMethodInvoker.invoke(RepositoryMethodInvoker.java:121)
	at org.springframework.data.repository.core.support.QueryExecutorMethodInterceptor.doInvoke(QueryExecutorMethodInterceptor.java:160)
	at org.springframework.data.repository.core.support.QueryExecutorMethodInterceptor.invoke(QueryExecutorMethodInterceptor.java:139)
	at org.springframework.aop.framework.ReflectiveMethodInvocation.proceed(ReflectiveMethodInvocation.java:186)
	at org.springframework.data.projection.DefaultMethodInvokingMethodInterceptor.invoke(DefaultMethodInvokingMethodInterceptor.java:81)
	at org.springframework.aop.framework.ReflectiveMethodInvocation.proceed(ReflectiveMethodInvocation.java:186)
	at org.springframework.transaction.interceptor.TransactionInterceptor$1.proceedWithInvocation(TransactionInterceptor.java:123)
	at org.springframework.transaction.interceptor.TransactionAspectSupport.invokeWithinTransaction(TransactionAspectSupport.java:388)
	at org.springframework.transaction.interceptor.TransactionInterceptor.invoke(TransactionInterceptor.java:119)
	at org.springframework.aop.framework.ReflectiveMethodInvocation.proceed(ReflectiveMethodInvocation.java:186)
	at org.springframework.dao.support.PersistenceExceptionTranslationInterceptor.invoke(PersistenceExceptionTranslationInterceptor.java:137)
	at org.springframework.aop.framework.ReflectiveMethodInvocation.proceed(ReflectiveMethodInvocation.java:186)
	at org.springframework.data.jpa.repository.support.CrudMethodMetadataPostProcessor$CrudMethodMetadataPopulatingMethodInterceptor.invoke(CrudMethodMetadataPostProcessor.java:145)
	at org.springframework.aop.framework.ReflectiveMethodInvocation.proceed(ReflectiveMethodInvocation.java:186)
	at org.springframework.aop.interceptor.ExposeInvocationInterceptor.invoke(ExposeInvocationInterceptor.java:97)
	at org.springframework.aop.framework.ReflectiveMethodInvocation.proceed(ReflectiveMethodInvocation.java:186)
	at org.springframework.aop.framework.JdkDynamicAopProxy.invoke(JdkDynamicAopProxy.java:215)
	at jdk.proxy3/jdk.proxy3.$Proxy125.updateOrderStatus(Unknown Source)
	at com.bridgelabz.bookstoreapp.service.OrderService.updateOrder(OrderService.java:109)
	at com.bridgelabz.bookstoreapp.controller.OrderController.updateOrder(OrderController.java:51)
	at java.base/jdk.internal.reflect.DirectMethodHandleAccessor.invoke(DirectMethodHandleAccessor.java:104)
	at java.base/java.lang.reflect.Method.invoke(Method.java:577)
	at org.springframework.web.method.support.InvocableHandlerMethod.doInvoke(InvocableHandlerMethod.java:205)
	at org.springframework.web.method.support.InvocableHandlerMethod.invokeForRequest(InvocableHandlerMethod.java:150)
	at org.springframework.web.servlet.mvc.method.annotation.ServletInvocableHandlerMethod.invokeAndHandle(ServletInvocableHandlerMethod.java:117)
	at org.springframework.web.servlet.mvc.method.annotation.RequestMappingHandlerAdapter.invokeHandlerMethod(RequestMappingHandlerAdapter.java:895)
	at org.springframework.web.servlet.mvc.method.annotation.RequestMappingHandlerAdapter.handleInternal(RequestMappingHandlerAdapter.java:808)
	at org.springframework.web.servlet.mvc.method.AbstractHandlerMethodAdapter.handle(AbstractHandlerMethodAdapter.java:87)
	at org.springframework.web.servlet.DispatcherServlet.doDispatch(DispatcherServlet.java:1070)
	at org.springframework.web.servlet.DispatcherServlet.doService(DispatcherServlet.java:963)
	at org.springframework.web.servlet.FrameworkServlet.processRequest(FrameworkServlet.java:1006)
	at org.springframework.web.servlet.FrameworkServlet.doPut(FrameworkServlet.java:920)
	at javax.servlet.http.HttpServlet.service(HttpServlet.java:684)
	at org.springframework.web.servlet.FrameworkServlet.service(FrameworkServlet.java:883)
	at javax.servlet.http.HttpServlet.service(HttpServlet.java:764)
	at org.apache.catalina.core.ApplicationFilterChain.internalDoFilter(ApplicationFilterChain.java:227)
	at org.apache.catalina.core.ApplicationFilterChain.doFilter(ApplicationFilterChain.java:162)
	at org.apache.tomcat.websocket.server.WsFilter.doFilter(WsFilter.java:53)
	at org.apache.catalina.core.ApplicationFilterChain.internalDoFilter(ApplicationFilterChain.java:189)
	at org.apache.catalina.core.ApplicationFilterChain.doFilter(ApplicationFilterChain.java:162)
	at org.springframework.web.filter.RequestContextFilter.doFilterInternal(RequestContextFilter.java:100)
	at org.springframework.web.filter.OncePerRequestFilter.doFilter(OncePerRequestFilter.java:117)
	at org.apache.catalina.core.ApplicationFilterChain.internalDoFilter(ApplicationFilterChain.java:189)
	at org.apache.catalina.core.ApplicationFilterChain.doFilter(ApplicationFilterChain.java:162)
	at org.springframework.web.filter.FormContentFilter.doFilterInternal(FormContentFilter.java:93)
	at org.springframework.web.filter.OncePerRequestFilter.doFilter(OncePerRequestFilter.java:117)
	at org.apache.catalina.core.ApplicationFilterChain.internalDoFilter(ApplicationFilterChain.java:189)
	at org.apache.catalina.core.ApplicationFilterChain.doFilter(ApplicationFilterChain.java:162)
	at org.springframework.web.filter.CharacterEncodingFilter.doFilterInternal(CharacterEncodingFilter.java:201)
	at org.springframework.web.filter.OncePerRequestFilter.doFilter(OncePerRequestFilter.java:117)
	at org.apache.catalina.core.ApplicationFilterChain.internalDoFilter(ApplicationFilterChain.java:189)
	at org.apache.catalina.core.ApplicationFilterChain.doFilter(ApplicationFilterChain.java:162)
	at org.apache.catalina.core.StandardWrapperValve.invoke(StandardWrapperValve.java:197)
	at org.apache.catalina.core.StandardContextValve.invoke(StandardContextValve.java:97)
	at org.apache.catalina.authenticator.AuthenticatorBase.invoke(AuthenticatorBase.java:541)
	at org.apache.catalina.core.StandardHostValve.invoke(StandardHostValve.java:135)
	at org.apache.catalina.valves.ErrorReportValve.invoke(ErrorReportValve.java:92)
	at org.apache.catalina.core.StandardEngineValve.invoke(StandardEngineValve.java:78)
	at org.apache.catalina.connector.CoyoteAdapter.service(CoyoteAdapter.java:360)
	at org.apache.coyote.http11.Http11Processor.service(Http11Processor.java:399)
	at org.apache.coyote.AbstractProcessorLight.process(AbstractProcessorLight.java:65)
	at org.apache.coyote.AbstractProtocol$ConnectionHandler.process(AbstractProtocol.java:890)
	at org.apache.tomcat.util.net.NioEndpoint$SocketProcessor.doRun(NioEndpoint.java:1789)
	at org.apache.tomcat.util.net.SocketProcessorBase.run(SocketProcessorBase.java:49)
	at org.apache.tomcat.util.threads.ThreadPoolExecutor.runWorker(ThreadPoolExecutor.java:1191)
	at org.apache.tomcat.util.threads.ThreadPoolExecutor$Worker.run(ThreadPoolExecutor.java:659)
	at org.apache.tomcat.util.threads.TaskThread$WrappingRunnable.run(TaskThread.java:61)
	at java.base/java.lang.Thread.run(Thread.java:833)
2022-17-10 11:10:03[INFO][SpringApplicationShutdownHook][o.s.o.j.LocalContainerEntityManagerFactoryBean:651] Closing JPA EntityManagerFactory for persistence unit 'default'
2022-17-10 11:10:03[INFO][SpringApplicationShutdownHook][c.z.h.HikariDataSource:350] HikariPool-1 - Shutdown initiated...
2022-17-10 11:10:04[INFO][SpringApplicationShutdownHook][c.z.h.HikariDataSource:352] HikariPool-1 - Shutdown completed.
2022-17-10 11:10:13[INFO][restartedMain][c.b.b.BookStoreAppApplication:55] Starting BookStoreAppApplication using Java 18.0.1.1 on LAPTOP-RR74P28L with PID 6000 (C:\Users\Admin\Documents\BridgelabzCFP\BookStoreApp\target\classes started by root in C:\Users\Admin\Documents\BridgelabzCFP\BookStoreApp)
2022-17-10 11:10:13[INFO][restartedMain][c.b.b.BookStoreAppApplication:640] The following 1 profile is active: "dev"
2022-17-10 11:10:13[INFO][restartedMain][o.s.b.d.e.DevToolsPropertyDefaultsPostProcessor:255] Devtools property defaults active! Set 'spring.devtools.add-properties' to 'false' to disable
2022-17-10 11:10:13[INFO][restartedMain][o.s.b.d.e.DevToolsPropertyDefaultsPostProcessor:255] For additional web related logging consider setting the 'logging.level.web' property to 'DEBUG'
2022-17-10 11:10:15[INFO][restartedMain][o.s.d.r.c.RepositoryConfigurationDelegate:132] Bootstrapping Spring Data JPA repositories in DEFAULT mode.
2022-17-10 11:10:15[INFO][restartedMain][o.s.d.r.c.RepositoryConfigurationDelegate:201] Finished Spring Data repository scanning in 97 ms. Found 5 JPA repository interfaces.
2022-17-10 11:10:16[INFO][restartedMain][o.s.b.w.e.t.TomcatWebServer:108] Tomcat initialized with port(s): 8080 (http)
2022-17-10 11:10:16[INFO][restartedMain][o.a.c.c.StandardService:173] Starting service [Tomcat]
2022-17-10 11:10:16[INFO][restartedMain][o.a.c.c.StandardEngine:173] Starting Servlet engine: [Apache Tomcat/9.0.65]
2022-17-10 11:10:16[INFO][restartedMain][o.a.c.c.C.[.[.[/]:173] Initializing Spring embedded WebApplicationContext
2022-17-10 11:10:16[INFO][restartedMain][o.s.b.w.s.c.ServletWebServerApplicationContext:292] Root WebApplicationContext: initialization completed in 2853 ms
2022-17-10 11:10:16[INFO][restartedMain][o.h.j.i.u.LogHelper:31] HHH000204: Processing PersistenceUnitInfo [name: default]
2022-17-10 11:10:17[INFO][restartedMain][o.h.Version:44] HHH000412: Hibernate ORM core version 5.6.10.Final
2022-17-10 11:10:17[INFO][restartedMain][o.h.a.c.Version:56] HCANN000001: Hibernate Commons Annotations {5.1.2.Final}
2022-17-10 11:10:17[INFO][restartedMain][c.z.h.HikariDataSource:110] HikariPool-1 - Starting...
2022-17-10 11:10:17[INFO][restartedMain][c.z.h.HikariDataSource:123] HikariPool-1 - Start completed.
2022-17-10 11:10:17[INFO][restartedMain][o.h.d.Dialect:175] HHH000400: Using dialect: org.hibernate.dialect.MySQL8Dialect
2022-17-10 11:10:18[INFO][restartedMain][o.h.e.t.j.p.i.JtaPlatformInitiator:52] HHH000490: Using JtaPlatform implementation: [org.hibernate.engine.transaction.jta.platform.internal.NoJtaPlatform]
2022-17-10 11:10:18[INFO][restartedMain][o.s.o.j.LocalContainerEntityManagerFactoryBean:437] Initialized JPA EntityManagerFactory for persistence unit 'default'
2022-17-10 11:10:19[WARN][restartedMain][o.s.b.a.o.j.JpaBaseConfiguration$JpaWebConfiguration:219] spring.jpa.open-in-view is enabled by default. Therefore, database queries may be performed during view rendering. Explicitly configure spring.jpa.open-in-view to disable this warning
2022-17-10 11:10:19[INFO][restartedMain][o.s.b.d.a.OptionalLiveReloadServer:58] LiveReload server is running on port 35729
2022-17-10 11:10:20[INFO][restartedMain][o.s.b.w.e.t.TomcatWebServer:220] Tomcat started on port(s): 8080 (http) with context path ''
2022-17-10 11:10:20[INFO][restartedMain][c.b.b.BookStoreAppApplication:61] Started BookStoreAppApplication in 6.81 seconds (JVM running for 7.512)
2022-17-10 11:10:20[INFO][restartedMain][c.b.b.BookStoreAppApplication:12] Welcome to Book Store App!
2022-17-10 11:11:18[INFO][http-nio-8080-exec-2][o.a.c.c.C.[.[.[/]:173] Initializing Spring DispatcherServlet 'dispatcherServlet'
2022-17-10 11:11:18[INFO][http-nio-8080-exec-2][o.s.w.s.DispatcherServlet:525] Initializing Servlet 'dispatcherServlet'
2022-17-10 11:11:18[INFO][http-nio-8080-exec-2][o.s.w.s.DispatcherServlet:547] Completed initialization in 4 ms
2022-17-10 11:11:19[ERROR][http-nio-8080-exec-2][o.a.c.c.C.[.[.[.[dispatcherServlet]:175] Servlet.service() for servlet [dispatcherServlet] in context with path [] threw exception [Request processing failed; nested exception is org.springframework.dao.InvalidDataAccessApiUsageException: Modifying queries can only use void or int/Integer as return type! Offending method: public abstract com.bridgelabz.bookstoreapp.model.Order com.bridgelabz.bookstoreapp.repository.OrderRepository.updateOrderStatus(int); nested exception is java.lang.IllegalArgumentException: Modifying queries can only use void or int/Integer as return type! Offending method: public abstract com.bridgelabz.bookstoreapp.model.Order com.bridgelabz.bookstoreapp.repository.OrderRepository.updateOrderStatus(int)] with root cause
java.lang.IllegalArgumentException: Modifying queries can only use void or int/Integer as return type! Offending method: public abstract com.bridgelabz.bookstoreapp.model.Order com.bridgelabz.bookstoreapp.repository.OrderRepository.updateOrderStatus(int)
	at org.springframework.util.Assert.isTrue(Assert.java:121)
	at org.springframework.data.jpa.repository.query.JpaQueryExecution$ModifyingExecution.<init>(JpaQueryExecution.java:226)
	at org.springframework.data.jpa.repository.query.AbstractJpaQuery.getExecution(AbstractJpaQuery.java:176)
	at org.springframework.data.jpa.repository.query.AbstractJpaQuery.execute(AbstractJpaQuery.java:144)
	at org.springframework.data.repository.core.support.RepositoryMethodInvoker.doInvoke(RepositoryMethodInvoker.java:137)
	at org.springframework.data.repository.core.support.RepositoryMethodInvoker.invoke(RepositoryMethodInvoker.java:121)
	at org.springframework.data.repository.core.support.QueryExecutorMethodInterceptor.doInvoke(QueryExecutorMethodInterceptor.java:160)
	at org.springframework.data.repository.core.support.QueryExecutorMethodInterceptor.invoke(QueryExecutorMethodInterceptor.java:139)
	at org.springframework.aop.framework.ReflectiveMethodInvocation.proceed(ReflectiveMethodInvocation.java:186)
	at org.springframework.data.projection.DefaultMethodInvokingMethodInterceptor.invoke(DefaultMethodInvokingMethodInterceptor.java:81)
	at org.springframework.aop.framework.ReflectiveMethodInvocation.proceed(ReflectiveMethodInvocation.java:186)
	at org.springframework.transaction.interceptor.TransactionInterceptor$1.proceedWithInvocation(TransactionInterceptor.java:123)
	at org.springframework.transaction.interceptor.TransactionAspectSupport.invokeWithinTransaction(TransactionAspectSupport.java:388)
	at org.springframework.transaction.interceptor.TransactionInterceptor.invoke(TransactionInterceptor.java:119)
	at org.springframework.aop.framework.ReflectiveMethodInvocation.proceed(ReflectiveMethodInvocation.java:186)
	at org.springframework.dao.support.PersistenceExceptionTranslationInterceptor.invoke(PersistenceExceptionTranslationInterceptor.java:137)
	at org.springframework.aop.framework.ReflectiveMethodInvocation.proceed(ReflectiveMethodInvocation.java:186)
	at org.springframework.data.jpa.repository.support.CrudMethodMetadataPostProcessor$CrudMethodMetadataPopulatingMethodInterceptor.invoke(CrudMethodMetadataPostProcessor.java:145)
	at org.springframework.aop.framework.ReflectiveMethodInvocation.proceed(ReflectiveMethodInvocation.java:186)
	at org.springframework.aop.interceptor.ExposeInvocationInterceptor.invoke(ExposeInvocationInterceptor.java:97)
	at org.springframework.aop.framework.ReflectiveMethodInvocation.proceed(ReflectiveMethodInvocation.java:186)
	at org.springframework.aop.framework.JdkDynamicAopProxy.invoke(JdkDynamicAopProxy.java:215)
	at jdk.proxy3/jdk.proxy3.$Proxy125.updateOrderStatus(Unknown Source)
	at com.bridgelabz.bookstoreapp.service.OrderService.updateOrder(OrderService.java:109)
	at com.bridgelabz.bookstoreapp.controller.OrderController.updateOrder(OrderController.java:51)
	at java.base/jdk.internal.reflect.DirectMethodHandleAccessor.invoke(DirectMethodHandleAccessor.java:104)
	at java.base/java.lang.reflect.Method.invoke(Method.java:577)
	at org.springframework.web.method.support.InvocableHandlerMethod.doInvoke(InvocableHandlerMethod.java:205)
	at org.springframework.web.method.support.InvocableHandlerMethod.invokeForRequest(InvocableHandlerMethod.java:150)
	at org.springframework.web.servlet.mvc.method.annotation.ServletInvocableHandlerMethod.invokeAndHandle(ServletInvocableHandlerMethod.java:117)
	at org.springframework.web.servlet.mvc.method.annotation.RequestMappingHandlerAdapter.invokeHandlerMethod(RequestMappingHandlerAdapter.java:895)
	at org.springframework.web.servlet.mvc.method.annotation.RequestMappingHandlerAdapter.handleInternal(RequestMappingHandlerAdapter.java:808)
	at org.springframework.web.servlet.mvc.method.AbstractHandlerMethodAdapter.handle(AbstractHandlerMethodAdapter.java:87)
	at org.springframework.web.servlet.DispatcherServlet.doDispatch(DispatcherServlet.java:1070)
	at org.springframework.web.servlet.DispatcherServlet.doService(DispatcherServlet.java:963)
	at org.springframework.web.servlet.FrameworkServlet.processRequest(FrameworkServlet.java:1006)
	at org.springframework.web.servlet.FrameworkServlet.doPut(FrameworkServlet.java:920)
	at javax.servlet.http.HttpServlet.service(HttpServlet.java:684)
	at org.springframework.web.servlet.FrameworkServlet.service(FrameworkServlet.java:883)
	at javax.servlet.http.HttpServlet.service(HttpServlet.java:764)
	at org.apache.catalina.core.ApplicationFilterChain.internalDoFilter(ApplicationFilterChain.java:227)
	at org.apache.catalina.core.ApplicationFilterChain.doFilter(ApplicationFilterChain.java:162)
	at org.apache.tomcat.websocket.server.WsFilter.doFilter(WsFilter.java:53)
	at org.apache.catalina.core.ApplicationFilterChain.internalDoFilter(ApplicationFilterChain.java:189)
	at org.apache.catalina.core.ApplicationFilterChain.doFilter(ApplicationFilterChain.java:162)
	at org.springframework.web.filter.RequestContextFilter.doFilterInternal(RequestContextFilter.java:100)
	at org.springframework.web.filter.OncePerRequestFilter.doFilter(OncePerRequestFilter.java:117)
	at org.apache.catalina.core.ApplicationFilterChain.internalDoFilter(ApplicationFilterChain.java:189)
	at org.apache.catalina.core.ApplicationFilterChain.doFilter(ApplicationFilterChain.java:162)
	at org.springframework.web.filter.FormContentFilter.doFilterInternal(FormContentFilter.java:93)
	at org.springframework.web.filter.OncePerRequestFilter.doFilter(OncePerRequestFilter.java:117)
	at org.apache.catalina.core.ApplicationFilterChain.internalDoFilter(ApplicationFilterChain.java:189)
	at org.apache.catalina.core.ApplicationFilterChain.doFilter(ApplicationFilterChain.java:162)
	at org.springframework.web.filter.CharacterEncodingFilter.doFilterInternal(CharacterEncodingFilter.java:201)
	at org.springframework.web.filter.OncePerRequestFilter.doFilter(OncePerRequestFilter.java:117)
	at org.apache.catalina.core.ApplicationFilterChain.internalDoFilter(ApplicationFilterChain.java:189)
	at org.apache.catalina.core.ApplicationFilterChain.doFilter(ApplicationFilterChain.java:162)
	at org.apache.catalina.core.StandardWrapperValve.invoke(StandardWrapperValve.java:197)
	at org.apache.catalina.core.StandardContextValve.invoke(StandardContextValve.java:97)
	at org.apache.catalina.authenticator.AuthenticatorBase.invoke(AuthenticatorBase.java:541)
	at org.apache.catalina.core.StandardHostValve.invoke(StandardHostValve.java:135)
	at org.apache.catalina.valves.ErrorReportValve.invoke(ErrorReportValve.java:92)
	at org.apache.catalina.core.StandardEngineValve.invoke(StandardEngineValve.java:78)
	at org.apache.catalina.connector.CoyoteAdapter.service(CoyoteAdapter.java:360)
	at org.apache.coyote.http11.Http11Processor.service(Http11Processor.java:399)
	at org.apache.coyote.AbstractProcessorLight.process(AbstractProcessorLight.java:65)
	at org.apache.coyote.AbstractProtocol$ConnectionHandler.process(AbstractProtocol.java:890)
	at org.apache.tomcat.util.net.NioEndpoint$SocketProcessor.doRun(NioEndpoint.java:1789)
	at org.apache.tomcat.util.net.SocketProcessorBase.run(SocketProcessorBase.java:49)
	at org.apache.tomcat.util.threads.ThreadPoolExecutor.runWorker(ThreadPoolExecutor.java:1191)
	at org.apache.tomcat.util.threads.ThreadPoolExecutor$Worker.run(ThreadPoolExecutor.java:659)
	at org.apache.tomcat.util.threads.TaskThread$WrappingRunnable.run(TaskThread.java:61)
	at java.base/java.lang.Thread.run(Thread.java:833)
2022-17-10 11:12:39[INFO][SpringApplicationShutdownHook][o.s.o.j.LocalContainerEntityManagerFactoryBean:651] Closing JPA EntityManagerFactory for persistence unit 'default'
2022-17-10 11:12:39[INFO][SpringApplicationShutdownHook][c.z.h.HikariDataSource:350] HikariPool-1 - Shutdown initiated...
2022-17-10 11:12:39[INFO][SpringApplicationShutdownHook][c.z.h.HikariDataSource:352] HikariPool-1 - Shutdown completed.
2022-17-10 11:12:53[INFO][restartedMain][c.b.b.BookStoreAppApplication:55] Starting BookStoreAppApplication using Java 18.0.1.1 on LAPTOP-RR74P28L with PID 10616 (C:\Users\Admin\Documents\BridgelabzCFP\BookStoreApp\target\classes started by root in C:\Users\Admin\Documents\BridgelabzCFP\BookStoreApp)
2022-17-10 11:12:53[INFO][restartedMain][c.b.b.BookStoreAppApplication:640] The following 1 profile is active: "dev"
2022-17-10 11:12:53[INFO][restartedMain][o.s.b.d.e.DevToolsPropertyDefaultsPostProcessor:255] Devtools property defaults active! Set 'spring.devtools.add-properties' to 'false' to disable
2022-17-10 11:12:53[INFO][restartedMain][o.s.b.d.e.DevToolsPropertyDefaultsPostProcessor:255] For additional web related logging consider setting the 'logging.level.web' property to 'DEBUG'
2022-17-10 11:12:54[INFO][restartedMain][o.s.d.r.c.RepositoryConfigurationDelegate:132] Bootstrapping Spring Data JPA repositories in DEFAULT mode.
2022-17-10 11:12:54[INFO][restartedMain][o.s.d.r.c.RepositoryConfigurationDelegate:201] Finished Spring Data repository scanning in 111 ms. Found 5 JPA repository interfaces.
2022-17-10 11:12:55[INFO][restartedMain][o.s.b.w.e.t.TomcatWebServer:108] Tomcat initialized with port(s): 8080 (http)
2022-17-10 11:12:55[INFO][restartedMain][o.a.c.c.StandardService:173] Starting service [Tomcat]
2022-17-10 11:12:55[INFO][restartedMain][o.a.c.c.StandardEngine:173] Starting Servlet engine: [Apache Tomcat/9.0.65]
2022-17-10 11:12:55[INFO][restartedMain][o.a.c.c.C.[.[.[/]:173] Initializing Spring embedded WebApplicationContext
2022-17-10 11:12:55[INFO][restartedMain][o.s.b.w.s.c.ServletWebServerApplicationContext:292] Root WebApplicationContext: initialization completed in 2210 ms
2022-17-10 11:12:55[INFO][restartedMain][o.h.j.i.u.LogHelper:31] HHH000204: Processing PersistenceUnitInfo [name: default]
2022-17-10 11:12:55[INFO][restartedMain][o.h.Version:44] HHH000412: Hibernate ORM core version 5.6.10.Final
2022-17-10 11:12:55[INFO][restartedMain][o.h.a.c.Version:56] HCANN000001: Hibernate Commons Annotations {5.1.2.Final}
2022-17-10 11:12:55[INFO][restartedMain][c.z.h.HikariDataSource:110] HikariPool-1 - Starting...
2022-17-10 11:12:56[INFO][restartedMain][c.z.h.HikariDataSource:123] HikariPool-1 - Start completed.
2022-17-10 11:12:56[INFO][restartedMain][o.h.d.Dialect:175] HHH000400: Using dialect: org.hibernate.dialect.MySQL8Dialect
2022-17-10 11:12:57[INFO][restartedMain][o.h.e.t.j.p.i.JtaPlatformInitiator:52] HHH000490: Using JtaPlatform implementation: [org.hibernate.engine.transaction.jta.platform.internal.NoJtaPlatform]
2022-17-10 11:12:57[INFO][restartedMain][o.s.o.j.LocalContainerEntityManagerFactoryBean:437] Initialized JPA EntityManagerFactory for persistence unit 'default'
2022-17-10 11:12:58[WARN][restartedMain][o.s.b.a.o.j.JpaBaseConfiguration$JpaWebConfiguration:219] spring.jpa.open-in-view is enabled by default. Therefore, database queries may be performed during view rendering. Explicitly configure spring.jpa.open-in-view to disable this warning
2022-17-10 11:12:58[INFO][restartedMain][o.s.b.d.a.OptionalLiveReloadServer:58] LiveReload server is running on port 35729
2022-17-10 11:12:58[INFO][restartedMain][o.s.b.w.e.t.TomcatWebServer:220] Tomcat started on port(s): 8080 (http) with context path ''
2022-17-10 11:12:58[INFO][restartedMain][c.b.b.BookStoreAppApplication:61] Started BookStoreAppApplication in 6.006 seconds (JVM running for 6.602)
2022-17-10 11:12:58[INFO][restartedMain][c.b.b.BookStoreAppApplication:12] Welcome to Book Store App!
2022-17-10 11:13:10[INFO][http-nio-8080-exec-2][o.a.c.c.C.[.[.[/]:173] Initializing Spring DispatcherServlet 'dispatcherServlet'
2022-17-10 11:13:10[INFO][http-nio-8080-exec-2][o.s.w.s.DispatcherServlet:525] Initializing Servlet 'dispatcherServlet'
2022-17-10 11:13:10[INFO][http-nio-8080-exec-2][o.s.w.s.DispatcherServlet:547] Completed initialization in 3 ms
2022-17-10 11:26:45[INFO][SpringApplicationShutdownHook][o.s.o.j.LocalContainerEntityManagerFactoryBean:651] Closing JPA EntityManagerFactory for persistence unit 'default'
2022-17-10 11:26:45[INFO][SpringApplicationShutdownHook][c.z.h.HikariDataSource:350] HikariPool-1 - Shutdown initiated...
2022-17-10 11:26:45[INFO][SpringApplicationShutdownHook][c.z.h.HikariDataSource:352] HikariPool-1 - Shutdown completed.
2022-17-10 11:26:59[INFO][restartedMain][c.b.b.BookStoreAppApplication:55] Starting BookStoreAppApplication using Java 18.0.1.1 on LAPTOP-RR74P28L with PID 20924 (C:\Users\Admin\Documents\BridgelabzCFP\BookStoreApp\target\classes started by root in C:\Users\Admin\Documents\BridgelabzCFP\BookStoreApp)
2022-17-10 11:26:59[INFO][restartedMain][c.b.b.BookStoreAppApplication:640] The following 1 profile is active: "dev"
2022-17-10 11:26:59[INFO][restartedMain][o.s.b.d.e.DevToolsPropertyDefaultsPostProcessor:255] Devtools property defaults active! Set 'spring.devtools.add-properties' to 'false' to disable
2022-17-10 11:26:59[INFO][restartedMain][o.s.b.d.e.DevToolsPropertyDefaultsPostProcessor:255] For additional web related logging consider setting the 'logging.level.web' property to 'DEBUG'
2022-17-10 11:27:00[INFO][restartedMain][o.s.d.r.c.RepositoryConfigurationDelegate:132] Bootstrapping Spring Data JPA repositories in DEFAULT mode.
2022-17-10 11:27:00[INFO][restartedMain][o.s.d.r.c.RepositoryConfigurationDelegate:201] Finished Spring Data repository scanning in 90 ms. Found 5 JPA repository interfaces.
2022-17-10 11:27:01[INFO][restartedMain][o.s.b.w.e.t.TomcatWebServer:108] Tomcat initialized with port(s): 8080 (http)
2022-17-10 11:27:01[INFO][restartedMain][o.a.c.c.StandardService:173] Starting service [Tomcat]
2022-17-10 11:27:01[INFO][restartedMain][o.a.c.c.StandardEngine:173] Starting Servlet engine: [Apache Tomcat/9.0.65]
2022-17-10 11:27:01[INFO][restartedMain][o.a.c.c.C.[.[.[/]:173] Initializing Spring embedded WebApplicationContext
2022-17-10 11:27:01[INFO][restartedMain][o.s.b.w.s.c.ServletWebServerApplicationContext:292] Root WebApplicationContext: initialization completed in 2277 ms
2022-17-10 11:27:01[INFO][restartedMain][o.h.j.i.u.LogHelper:31] HHH000204: Processing PersistenceUnitInfo [name: default]
2022-17-10 11:27:01[INFO][restartedMain][o.h.Version:44] HHH000412: Hibernate ORM core version 5.6.10.Final
2022-17-10 11:27:02[INFO][restartedMain][o.h.a.c.Version:56] HCANN000001: Hibernate Commons Annotations {5.1.2.Final}
2022-17-10 11:27:02[INFO][restartedMain][c.z.h.HikariDataSource:110] HikariPool-1 - Starting...
2022-17-10 11:27:02[INFO][restartedMain][c.z.h.HikariDataSource:123] HikariPool-1 - Start completed.
2022-17-10 11:27:02[INFO][restartedMain][o.h.d.Dialect:175] HHH000400: Using dialect: org.hibernate.dialect.MySQL8Dialect
2022-17-10 11:27:03[INFO][restartedMain][o.h.e.t.j.p.i.JtaPlatformInitiator:52] HHH000490: Using JtaPlatform implementation: [org.hibernate.engine.transaction.jta.platform.internal.NoJtaPlatform]
2022-17-10 11:27:03[INFO][restartedMain][o.s.o.j.LocalContainerEntityManagerFactoryBean:437] Initialized JPA EntityManagerFactory for persistence unit 'default'
2022-17-10 11:27:04[WARN][restartedMain][o.s.b.a.o.j.JpaBaseConfiguration$JpaWebConfiguration:219] spring.jpa.open-in-view is enabled by default. Therefore, database queries may be performed during view rendering. Explicitly configure spring.jpa.open-in-view to disable this warning
2022-17-10 11:27:04[INFO][restartedMain][o.s.b.d.a.OptionalLiveReloadServer:58] LiveReload server is running on port 35729
2022-17-10 11:27:04[INFO][restartedMain][o.s.b.w.e.t.TomcatWebServer:220] Tomcat started on port(s): 8080 (http) with context path ''
2022-17-10 11:27:04[INFO][restartedMain][c.b.b.BookStoreAppApplication:61] Started BookStoreAppApplication in 6.169 seconds (JVM running for 6.777)
2022-17-10 11:27:04[INFO][restartedMain][c.b.b.BookStoreAppApplication:12] Welcome to Book Store App!
2022-17-10 11:28:11[INFO][http-nio-8080-exec-2][o.a.c.c.C.[.[.[/]:173] Initializing Spring DispatcherServlet 'dispatcherServlet'
2022-17-10 11:28:11[INFO][http-nio-8080-exec-2][o.s.w.s.DispatcherServlet:525] Initializing Servlet 'dispatcherServlet'
2022-17-10 11:28:11[INFO][http-nio-8080-exec-2][o.s.w.s.DispatcherServlet:547] Completed initialization in 2 ms
2022-17-10 11:28:25[WARN][http-nio-8080-exec-3][o.s.w.s.m.m.a.ExceptionHandlerExceptionResolver:208] Resolved [com.bridgelabz.bookstoreapp.exceptions.CustomException: There are no pending orders!]
2022-17-10 11:30:21[INFO][SpringApplicationShutdownHook][o.s.o.j.LocalContainerEntityManagerFactoryBean:651] Closing JPA EntityManagerFactory for persistence unit 'default'
2022-17-10 11:30:21[INFO][SpringApplicationShutdownHook][c.z.h.HikariDataSource:350] HikariPool-1 - Shutdown initiated...
2022-17-10 11:30:21[INFO][SpringApplicationShutdownHook][c.z.h.HikariDataSource:352] HikariPool-1 - Shutdown completed.
2022-17-10 11:30:31[INFO][restartedMain][c.b.b.BookStoreAppApplication:55] Starting BookStoreAppApplication using Java 18.0.1.1 on LAPTOP-RR74P28L with PID 7504 (C:\Users\Admin\Documents\BridgelabzCFP\BookStoreApp\target\classes started by root in C:\Users\Admin\Documents\BridgelabzCFP\BookStoreApp)
2022-17-10 11:30:31[INFO][restartedMain][c.b.b.BookStoreAppApplication:640] The following 1 profile is active: "dev"
2022-17-10 11:30:31[INFO][restartedMain][o.s.b.d.e.DevToolsPropertyDefaultsPostProcessor:255] Devtools property defaults active! Set 'spring.devtools.add-properties' to 'false' to disable
2022-17-10 11:30:31[INFO][restartedMain][o.s.b.d.e.DevToolsPropertyDefaultsPostProcessor:255] For additional web related logging consider setting the 'logging.level.web' property to 'DEBUG'
2022-17-10 11:30:32[INFO][restartedMain][o.s.d.r.c.RepositoryConfigurationDelegate:132] Bootstrapping Spring Data JPA repositories in DEFAULT mode.
2022-17-10 11:30:32[INFO][restartedMain][o.s.d.r.c.RepositoryConfigurationDelegate:201] Finished Spring Data repository scanning in 108 ms. Found 5 JPA repository interfaces.
2022-17-10 11:30:33[INFO][restartedMain][o.s.b.w.e.t.TomcatWebServer:108] Tomcat initialized with port(s): 8080 (http)
2022-17-10 11:30:33[INFO][restartedMain][o.a.c.c.StandardService:173] Starting service [Tomcat]
2022-17-10 11:30:33[INFO][restartedMain][o.a.c.c.StandardEngine:173] Starting Servlet engine: [Apache Tomcat/9.0.65]
2022-17-10 11:30:34[INFO][restartedMain][o.a.c.c.C.[.[.[/]:173] Initializing Spring embedded WebApplicationContext
2022-17-10 11:30:34[INFO][restartedMain][o.s.b.w.s.c.ServletWebServerApplicationContext:292] Root WebApplicationContext: initialization completed in 2268 ms
2022-17-10 11:30:34[INFO][restartedMain][o.h.j.i.u.LogHelper:31] HHH000204: Processing PersistenceUnitInfo [name: default]
2022-17-10 11:30:34[INFO][restartedMain][o.h.Version:44] HHH000412: Hibernate ORM core version 5.6.10.Final
2022-17-10 11:30:34[INFO][restartedMain][o.h.a.c.Version:56] HCANN000001: Hibernate Commons Annotations {5.1.2.Final}
2022-17-10 11:30:34[INFO][restartedMain][c.z.h.HikariDataSource:110] HikariPool-1 - Starting...
2022-17-10 11:30:35[INFO][restartedMain][c.z.h.HikariDataSource:123] HikariPool-1 - Start completed.
2022-17-10 11:30:35[INFO][restartedMain][o.h.d.Dialect:175] HHH000400: Using dialect: org.hibernate.dialect.MySQL8Dialect
2022-17-10 11:30:36[INFO][restartedMain][o.h.e.t.j.p.i.JtaPlatformInitiator:52] HHH000490: Using JtaPlatform implementation: [org.hibernate.engine.transaction.jta.platform.internal.NoJtaPlatform]
2022-17-10 11:30:36[INFO][restartedMain][o.s.o.j.LocalContainerEntityManagerFactoryBean:437] Initialized JPA EntityManagerFactory for persistence unit 'default'
2022-17-10 11:30:36[WARN][restartedMain][o.s.b.a.o.j.JpaBaseConfiguration$JpaWebConfiguration:219] spring.jpa.open-in-view is enabled by default. Therefore, database queries may be performed during view rendering. Explicitly configure spring.jpa.open-in-view to disable this warning
2022-17-10 11:30:37[INFO][restartedMain][o.s.b.d.a.OptionalLiveReloadServer:58] LiveReload server is running on port 35729
2022-17-10 11:30:37[INFO][restartedMain][o.s.b.w.e.t.TomcatWebServer:220] Tomcat started on port(s): 8080 (http) with context path ''
2022-17-10 11:30:37[INFO][restartedMain][c.b.b.BookStoreAppApplication:61] Started BookStoreAppApplication in 6.136 seconds (JVM running for 6.709)
2022-17-10 11:30:37[INFO][restartedMain][c.b.b.BookStoreAppApplication:12] Welcome to Book Store App!
2022-17-10 11:31:03[INFO][http-nio-8080-exec-1][o.a.c.c.C.[.[.[/]:173] Initializing Spring DispatcherServlet 'dispatcherServlet'
2022-17-10 11:31:03[INFO][http-nio-8080-exec-1][o.s.w.s.DispatcherServlet:525] Initializing Servlet 'dispatcherServlet'
2022-17-10 11:31:03[INFO][http-nio-8080-exec-1][o.s.w.s.DispatcherServlet:547] Completed initialization in 3 ms
2022-17-10 11:34:19[INFO][SpringApplicationShutdownHook][o.s.o.j.LocalContainerEntityManagerFactoryBean:651] Closing JPA EntityManagerFactory for persistence unit 'default'
2022-17-10 11:34:19[INFO][SpringApplicationShutdownHook][c.z.h.HikariDataSource:350] HikariPool-1 - Shutdown initiated...
2022-17-10 11:34:19[INFO][SpringApplicationShutdownHook][c.z.h.HikariDataSource:352] HikariPool-1 - Shutdown completed.
2022-17-10 12:19:19[INFO][restartedMain][c.b.b.BookStoreAppApplication:55] Starting BookStoreAppApplication using Java 18.0.1.1 on LAPTOP-RR74P28L with PID 16616 (C:\Users\Admin\Documents\BridgelabzCFP\BookStoreApp\target\classes started by root in C:\Users\Admin\Documents\BridgelabzCFP\BookStoreApp)
2022-17-10 12:19:19[INFO][restartedMain][c.b.b.BookStoreAppApplication:640] The following 1 profile is active: "dev"
2022-17-10 12:19:20[INFO][restartedMain][o.s.b.d.e.DevToolsPropertyDefaultsPostProcessor:255] Devtools property defaults active! Set 'spring.devtools.add-properties' to 'false' to disable
2022-17-10 12:19:20[INFO][restartedMain][o.s.b.d.e.DevToolsPropertyDefaultsPostProcessor:255] For additional web related logging consider setting the 'logging.level.web' property to 'DEBUG'
2022-17-10 12:19:21[INFO][restartedMain][o.s.d.r.c.RepositoryConfigurationDelegate:132] Bootstrapping Spring Data JPA repositories in DEFAULT mode.
2022-17-10 12:19:21[INFO][restartedMain][o.s.d.r.c.RepositoryConfigurationDelegate:201] Finished Spring Data repository scanning in 83 ms. Found 5 JPA repository interfaces.
2022-17-10 12:19:22[INFO][restartedMain][o.s.b.w.e.t.TomcatWebServer:108] Tomcat initialized with port(s): 8080 (http)
2022-17-10 12:19:22[INFO][restartedMain][o.a.c.c.StandardService:173] Starting service [Tomcat]
2022-17-10 12:19:22[INFO][restartedMain][o.a.c.c.StandardEngine:173] Starting Servlet engine: [Apache Tomcat/9.0.65]
2022-17-10 12:19:22[INFO][restartedMain][o.a.c.c.C.[.[.[/]:173] Initializing Spring embedded WebApplicationContext
2022-17-10 12:19:22[INFO][restartedMain][o.s.b.w.s.c.ServletWebServerApplicationContext:292] Root WebApplicationContext: initialization completed in 2216 ms
2022-17-10 12:19:22[INFO][restartedMain][o.h.j.i.u.LogHelper:31] HHH000204: Processing PersistenceUnitInfo [name: default]
2022-17-10 12:19:22[INFO][restartedMain][o.h.Version:44] HHH000412: Hibernate ORM core version 5.6.10.Final
2022-17-10 12:19:22[INFO][restartedMain][o.h.a.c.Version:56] HCANN000001: Hibernate Commons Annotations {5.1.2.Final}
2022-17-10 12:19:22[INFO][restartedMain][c.z.h.HikariDataSource:110] HikariPool-1 - Starting...
2022-17-10 12:19:23[INFO][restartedMain][c.z.h.HikariDataSource:123] HikariPool-1 - Start completed.
2022-17-10 12:19:23[INFO][restartedMain][o.h.d.Dialect:175] HHH000400: Using dialect: org.hibernate.dialect.MySQL8Dialect
2022-17-10 12:19:24[INFO][restartedMain][o.h.e.t.j.p.i.JtaPlatformInitiator:52] HHH000490: Using JtaPlatform implementation: [org.hibernate.engine.transaction.jta.platform.internal.NoJtaPlatform]
2022-17-10 12:19:24[INFO][restartedMain][o.s.o.j.LocalContainerEntityManagerFactoryBean:437] Initialized JPA EntityManagerFactory for persistence unit 'default'
2022-17-10 12:19:25[WARN][restartedMain][o.s.b.a.o.j.JpaBaseConfiguration$JpaWebConfiguration:219] spring.jpa.open-in-view is enabled by default. Therefore, database queries may be performed during view rendering. Explicitly configure spring.jpa.open-in-view to disable this warning
2022-17-10 12:19:25[INFO][restartedMain][o.s.b.d.a.OptionalLiveReloadServer:58] LiveReload server is running on port 35729
2022-17-10 12:19:25[INFO][restartedMain][o.s.b.w.e.t.TomcatWebServer:220] Tomcat started on port(s): 8080 (http) with context path ''
2022-17-10 12:19:25[INFO][restartedMain][c.b.b.BookStoreAppApplication:61] Started BookStoreAppApplication in 6.241 seconds (JVM running for 6.882)
2022-17-10 12:19:25[INFO][restartedMain][c.b.b.BookStoreAppApplication:12] Welcome to Book Store App!
2022-17-10 12:19:31[INFO][http-nio-8080-exec-2][o.a.c.c.C.[.[.[/]:173] Initializing Spring DispatcherServlet 'dispatcherServlet'
2022-17-10 12:19:31[INFO][http-nio-8080-exec-2][o.s.w.s.DispatcherServlet:525] Initializing Servlet 'dispatcherServlet'
2022-17-10 12:19:31[INFO][http-nio-8080-exec-2][o.s.w.s.DispatcherServlet:547] Completed initialization in 2 ms
